<?xml version="1.0" encoding="UTF-8" ?>
<testsuite failures="0" time="0.009" errors="0" skipped="0" tests="3" name="com.vaadin.samples.backend.DataServiceTest">
  <properties>
[...]
</properties>
  <testcase time="0.009" classname="com.vaadin.samples.backend.DataServiceTest" name="testDataServiceCanFetchProducts"/>
  <testcase time="0" classname="com.vaadin.samples.backend.DataServiceTest" name="testUpdateProduct_updatesTheProduct"/>
  <testcase time="0" classname="com.vaadin.samples.backend.DataServiceTest" name="testDataServiceCanFetchCategories"/>
</testsuite>